# JRE version: OpenJDK Runtime Environment (8.0_202-b03) (build 1.8.0_202-release-1483-b03)
# Java VM: OpenJDK 64-Bit Server VM (25.202-b03 mixed mode windows-amd64 compressed oops)
Heap:
 PSYoungGen      total 487424K, used 293195K [0x00000000e0000000, 0x0000000100000000, 0x0000000100000000)
  eden space 458240K, 63% used [0x00000000e0000000,0x00000000f1d7ca80,0x00000000fbf80000)
  from space 29184K, 2% used [0x00000000fbf80000,0x00000000fc0563a0,0x00000000fdc00000)
  to   space 28672K, 0% used [0x00000000fe400000,0x00000000fe400000,0x0000000100000000)
 ParOldGen       total 175616K, used 72706K [0x00000000a0000000, 0x00000000aab80000, 0x00000000e0000000)
  object space 175616K, 41% used [0x00000000a0000000,0x00000000a47008b8,0x00000000aab80000)
 Metaspace       used 98752K, capacity 102346K, committed 102528K, reserved 1138688K
  class space    used 12102K, capacity 12865K, committed 12928K, reserved 1048576K
GC Heap History (10 events):
Event: 3068.021 GC heap before
{Heap before GC invocations=35 (full 4):
 PSYoungGen      total 381440K, used 353168K [0x00000000e0000000, 0x00000000f9600000, 0x0000000100000000)
  eden space 348160K, 100% used [0x00000000e0000000,0x00000000f5400000,0x00000000f5400000)
  from space 33280K, 15% used [0x00000000f7580000,0x00000000f7a64118,0x00000000f9600000)
  to   space 33792K, 0% used [0x00000000f5400000,0x00000000f5400000,0x00000000f7500000)
 ParOldGen       total 175616K, used 66792K [0x00000000a0000000, 0x00000000aab80000, 0x00000000e0000000)
  object space 175616K, 38% used [0x00000000a0000000,0x00000000a413a100,0x00000000aab80000)
 Metaspace       used 98349K, capacity 101878K, committed 102016K, reserved 1138688K
  class space    used 12063K, capacity 12825K, committed 12928K, reserved 1048576K
Event: 3068.038 GC heap after
Heap after GC invocations=35 (full 4):
 PSYoungGen      total 381952K, used 5142K [0x00000000e0000000, 0x00000000fcc00000, 0x0000000100000000)
  eden space 348160K, 0% used [0x00000000e0000000,0x00000000e0000000,0x00000000f5400000)
  from space 33792K, 15% used [0x00000000f5400000,0x00000000f5905978,0x00000000f7500000)
  to   space 32768K, 0% used [0x00000000fac00000,0x00000000fac00000,0x00000000fcc00000)
 ParOldGen       total 175616K, used 69891K [0x00000000a0000000, 0x00000000aab80000, 0x00000000e0000000)
  object space 175616K, 39% used [0x00000000a0000000,0x00000000a4440cd8,0x00000000aab80000)
 Metaspace       used 98349K, capacity 101878K, committed 102016K, reserved 1138688K
  class space    used 12063K, capacity 12825K, committed 12928K, reserved 1048576K
}
Event: 3070.044 GC heap before
{Heap before GC invocations=36 (full 4):
 PSYoungGen      total 381952K, used 353302K [0x00000000e0000000, 0x00000000fcc00000, 0x0000000100000000)
  eden space 348160K, 100% used [0x00000000e0000000,0x00000000f5400000,0x00000000f5400000)
  from space 33792K, 15% used [0x00000000f5400000,0x00000000f5905978,0x00000000f7500000)
  to   space 32768K, 0% used [0x00000000fac00000,0x00000000fac00000,0x00000000fcc00000)
 ParOldGen       total 175616K, used 69891K [0x00000000a0000000, 0x00000000aab80000, 0x00000000e0000000)
  object space 175616K, 39% used [0x00000000a0000000,0x00000000a4440cd8,0x00000000aab80000)
 Metaspace       used 98367K, capacity 101946K, committed 102272K, reserved 1138688K
  class space    used 12063K, capacity 12825K, committed 12928K, reserved 1048576K
Event: 3070.055 GC heap after
Heap after GC invocations=36 (full 4):
 PSYoungGen      total 430080K, used 2392K [0x00000000e0000000, 0x00000000fc700000, 0x0000000100000000)
  eden space 402432K, 0% used [0x00000000e0000000,0x00000000e0000000,0x00000000f8900000)
  from space 27648K, 8% used [0x00000000fac00000,0x00000000fae56348,0x00000000fc700000)
  to   space 31744K, 0% used [0x00000000f8900000,0x00000000f8900000,0x00000000fa800000)
 ParOldGen       total 175616K, used 70651K [0x00000000a0000000, 0x00000000aab80000, 0x00000000e0000000)
  object space 175616K, 40% used [0x00000000a0000000,0x00000000a44fef78,0x00000000aab80000)
 Metaspace       used 98367K, capacity 101946K, committed 102272K, reserved 1138688K
  class space    used 12063K, capacity 12825K, committed 12928K, reserved 1048576K
}
Event: 3071.953 GC heap before
{Heap before GC invocations=37 (full 4):
 PSYoungGen      total 430080K, used 404824K [0x00000000e0000000, 0x00000000fc700000, 0x0000000100000000)
  eden space 402432K, 100% used [0x00000000e0000000,0x00000000f8900000,0x00000000f8900000)
  from space 27648K, 8% used [0x00000000fac00000,0x00000000fae56348,0x00000000fc700000)
  to   space 31744K, 0% used [0x00000000f8900000,0x00000000f8900000,0x00000000fa800000)
 ParOldGen       total 175616K, used 70651K [0x00000000a0000000, 0x00000000aab80000, 0x00000000e0000000)
  object space 175616K, 40% used [0x00000000a0000000,0x00000000a44fef78,0x00000000aab80000)
 Metaspace       used 98407K, capacity 101956K, committed 102272K, reserved 1138688K
  class space    used 12063K, capacity 12826K, committed 12928K, reserved 1048576K
Event: 3071.994 GC heap after
Heap after GC invocations=37 (full 4):
 PSYoungGen      total 434176K, used 2216K [0x00000000e0000000, 0x0000000100000000, 0x0000000100000000)
  eden space 402432K, 0% used [0x00000000e0000000,0x00000000e0000000,0x00000000f8900000)
  from space 31744K, 6% used [0x00000000f8900000,0x00000000f8b2a278,0x00000000fa800000)
  to   space 31232K, 0% used [0x00000000fe180000,0x00000000fe180000,0x0000000100000000)
 ParOldGen       total 175616K, used 71094K [0x00000000a0000000, 0x00000000aab80000, 0x00000000e0000000)
  object space 175616K, 40% used [0x00000000a0000000,0x00000000a456d930,0x00000000aab80000)
 Metaspace       used 98407K, capacity 101956K, committed 102272K, reserved 1138688K
  class space    used 12063K, capacity 12826K, committed 12928K, reserved 1048576K
}
Event: 3074.530 GC heap before
{Heap before GC invocations=38 (full 4):
 PSYoungGen      total 434176K, used 404648K [0x00000000e0000000, 0x0000000100000000, 0x0000000100000000)
  eden space 402432K, 100% used [0x00000000e0000000,0x00000000f8900000,0x00000000f8900000)
  from space 31744K, 6% used [0x00000000f8900000,0x00000000f8b2a278,0x00000000fa800000)
  to   space 31232K, 0% used [0x00000000fe180000,0x00000000fe180000,0x0000000100000000)
 ParOldGen       total 175616K, used 71094K [0x00000000a0000000, 0x00000000aab80000, 0x00000000e0000000)
  object space 175616K, 40% used [0x00000000a0000000,0x00000000a456d930,0x00000000aab80000)
 Metaspace       used 98443K, capacity 102020K, committed 102272K, reserved 1138688K
  class space    used 12064K, capacity 12826K, committed 12928K, reserved 1048576K
Event: 3074.544 GC heap after
Heap after GC invocations=38 (full 4):
 PSYoungGen      total 481792K, used 8741K [0x00000000e0000000, 0x00000000ff880000, 0x0000000100000000)
  eden space 458240K, 0% used [0x00000000e0000000,0x00000000e0000000,0x00000000fbf80000)
  from space 23552K, 37% used [0x00000000fe180000,0x00000000fea097d0,0x00000000ff880000)
  to   space 29184K, 0% used [0x00000000fbf80000,0x00000000fbf80000,0x00000000fdc00000)
 ParOldGen       total 175616K, used 71247K [0x00000000a0000000, 0x00000000aab80000, 0x00000000e0000000)
  object space 175616K, 40% used [0x00000000a0000000,0x00000000a4593f98,0x00000000aab80000)
 Metaspace       used 98443K, capacity 102020K, committed 102272K, reserved 1138688K
  class space    used 12064K, capacity 12826K, committed 12928K, reserved 1048576K
}
Event: 3077.352 GC heap before
{Heap before GC invocations=39 (full 4):
 PSYoungGen      total 481792K, used 466981K [0x00000000e0000000, 0x00000000ff880000, 0x0000000100000000)
  eden space 458240K, 100% used [0x00000000e0000000,0x00000000fbf80000,0x00000000fbf80000)
  from space 23552K, 37% used [0x00000000fe180000,0x00000000fea097d0,0x00000000ff880000)
  to   space 29184K, 0% used [0x00000000fbf80000,0x00000000fbf80000,0x00000000fdc00000)
 ParOldGen       total 175616K, used 71247K [0x00000000a0000000, 0x00000000aab80000, 0x00000000e0000000)
  object space 175616K, 40% used [0x00000000a0000000,0x00000000a4593f98,0x00000000aab80000)
 Metaspace       used 98479K, capacity 102052K, committed 102272K, reserved 1138688K
  class space    used 12067K, capacity 12858K, committed 12928K, reserved 1048576K
Event: 3077.363 GC heap after
Heap after GC invocations=39 (full 4):
 PSYoungGen      total 487424K, used 856K [0x00000000e0000000, 0x0000000100000000, 0x0000000100000000)
  eden space 458240K, 0% used [0x00000000e0000000,0x00000000e0000000,0x00000000fbf80000)
  from space 29184K, 2% used [0x00000000fbf80000,0x00000000fc0563a0,0x00000000fdc00000)
  to   space 28672K, 0% used [0x00000000fe400000,0x00000000fe400000,0x0000000100000000)
 ParOldGen       total 175616K, used 72706K [0x00000000a0000000, 0x00000000aab80000, 0x00000000e0000000)
  object space 175616K, 41% used [0x00000000a0000000,0x00000000a47008b8,0x00000000aab80000)
 Metaspace       used 98479K, capacity 102052K, committed 102272K, reserved 1138688K
  class space    used 12067K, capacity 12858K, committed 12928K, reserved 1048576K
}

